<?xml version="1.0" encoding="UTF-8"?>
<testsuite xmlns:xsi="http://www.w3.org/2001/XMLSchema-instance" xsi:noNamespaceSchemaLocation="https://maven.apache.org/surefire/maven-surefire-plugin/xsd/surefire-test-report.xsd" version="3.0.2" name="rule.HighAmountRuleTest" time="0.03" tests="2" errors="0" skipped="0" failures="0">
  <properties>
[...]
</properties>
  <testcase name="shouldNotDetectNormalAmountTransaction" classname="rule.HighAmountRuleTest" time="0.009"/>
  <testcase name="shouldDetectHighAmountTransaction" classname="rule.HighAmountRuleTest" time="0.006"/>
</testsuite>